0 info it worked if it ends with ok
1 verbose cli [ 'C:\\Program Files (x86)\\nodejs\\\\node.exe',
1 verbose cli   'C:\\Program Files (x86)\\nodejs\\node_modules\\npm\\bin\\npm-cli.js',
1 verbose cli   'install',
1 verbose cli   'karma-phantonjs-launcer' ]
2 info using npm@1.4.28
3 info using node@v0.10.33
4 verbose node symlink C:\Program Files (x86)\nodejs\\node.exe
5 warn package.json khulafrontendangularjs@0.0.0 No description
6 warn package.json khulafrontendangularjs@0.0.0 No repository field.
7 warn package.json khulafrontendangularjs@0.0.0 No README data
8 verbose readDependencies using package.json deps
9 verbose cache add [ 'karma-phantonjs-launcer', null ]
10 verbose cache add name=undefined spec="karma-phantonjs-launcer" args=["karma-phantonjs-launcer",null]
11 verbose parsed url { protocol: null,
11 verbose parsed url   slashes: null,
11 verbose parsed url   auth: null,
11 verbose parsed url   host: null,
11 verbose parsed url   port: null,
11 verbose parsed url   hostname: null,
11 verbose parsed url   hash: null,
11 verbose parsed url   search: null,
11 verbose parsed url   query: null,
11 verbose parsed url   pathname: 'karma-phantonjs-launcer',
11 verbose parsed url   path: 'karma-phantonjs-launcer',
11 verbose parsed url   href: 'karma-phantonjs-launcer' }
12 silly lockFile 56a34a7e-karma-phantonjs-launcer karma-phantonjs-launcer
13 verbose lock karma-phantonjs-launcer C:\Users\Development\AppData\Roaming\npm-cache\56a34a7e-karma-phantonjs-launcer.lock
14 silly lockFile 56a34a7e-karma-phantonjs-launcer karma-phantonjs-launcer
15 silly lockFile 56a34a7e-karma-phantonjs-launcer karma-phantonjs-launcer
16 verbose addNamed [ 'karma-phantonjs-launcer', '' ]
17 verbose addNamed [ null, '*' ]
18 silly lockFile 8942f039-karma-phantonjs-launcer karma-phantonjs-launcer@
19 verbose lock karma-phantonjs-launcer@ C:\Users\Development\AppData\Roaming\npm-cache\8942f039-karma-phantonjs-launcer.lock
20 silly addNameRange { name: 'karma-phantonjs-launcer', range: '*', hasData: false }
21 verbose request where is /karma-phantonjs-launcer
22 verbose request registry https://registry.npmjs.org/
23 verbose request id 6cf2a5eb8833a91d
24 verbose url raw /karma-phantonjs-launcer
25 verbose url resolving [ 'https://registry.npmjs.org/', './karma-phantonjs-launcer' ]
26 verbose url resolved https://registry.npmjs.org/karma-phantonjs-launcer
27 verbose request where is https://registry.npmjs.org/karma-phantonjs-launcer
28 info trying registry request attempt 1 at 10:39:14
29 http GET https://registry.npmjs.org/karma-phantonjs-launcer
30 http 404 https://registry.npmjs.org/karma-phantonjs-launcer
31 verbose headers { date: 'Wed, 17 Dec 2014 08:39:15 GMT',
31 verbose headers   server: 'CouchDB/1.5.0 (Erlang OTP/R16B03)',
31 verbose headers   'content-type': 'application/json',
31 verbose headers   'cache-control': 'max-age=0',
31 verbose headers   'content-length': '52',
31 verbose headers   'accept-ranges': 'bytes',
31 verbose headers   via: '1.1 varnish',
31 verbose headers   age: '0',
31 verbose headers   'x-served-by': 'cache-lcy1121-LCY',
31 verbose headers   'x-cache': 'MISS',
31 verbose headers   'x-cache-hits': '0',
31 verbose headers   'x-timer': 'S1418805555.072728,VS0,VE86',
31 verbose headers   'keep-alive': 'timeout=10, max=50',
31 verbose headers   connection: 'Keep-Alive' }
32 silly registry.get cb [ 404,
32 silly registry.get   { date: 'Wed, 17 Dec 2014 08:39:15 GMT',
32 silly registry.get     server: 'CouchDB/1.5.0 (Erlang OTP/R16B03)',
32 silly registry.get     'content-type': 'application/json',
32 silly registry.get     'cache-control': 'max-age=0',
32 silly registry.get     'content-length': '52',
32 silly registry.get     'accept-ranges': 'bytes',
32 silly registry.get     via: '1.1 varnish',
32 silly registry.get     age: '0',
32 silly registry.get     'x-served-by': 'cache-lcy1121-LCY',
32 silly registry.get     'x-cache': 'MISS',
32 silly registry.get     'x-cache-hits': '0',
32 silly registry.get     'x-timer': 'S1418805555.072728,VS0,VE86',
32 silly registry.get     'keep-alive': 'timeout=10, max=50',
32 silly registry.get     connection: 'Keep-Alive' } ]
33 silly lockFile 8942f039-karma-phantonjs-launcer karma-phantonjs-launcer@
34 silly lockFile 8942f039-karma-phantonjs-launcer karma-phantonjs-launcer@
35 error 404 404 Not Found: karma-phantonjs-launcer
35 error 404
35 error 404 'karma-phantonjs-launcer' is not in the npm registry.
35 error 404 You should bug the author to publish it
35 error 404 It was specified as a dependency of 'khulafrontendangularjs'
35 error 404
35 error 404 Note that you can also install from a
35 error 404 tarball, folder, or http url, or git url.
36 error System Windows_NT 6.1.7600
37 error command "C:\\Program Files (x86)\\nodejs\\\\node.exe" "C:\\Program Files (x86)\\nodejs\\node_modules\\npm\\bin\\npm-cli.js" "install" "karma-phantonjs-launcer"
38 error cwd C:\workspaces\git\rit-training\khula-frontend-angularjs
39 error node -v v0.10.33
40 error npm -v 1.4.28
41 error code E404
42 verbose exit [ 1, true ]
